Performing system checks...

System check identified no issues (0 silenced).
May 15, 2019 - 20:16:39
Django version 1.11.20, using settings 'scode.settings'
Starting development server at http://localhost:8000/
Quit the server with CONTROL-C.
Performing system checks...

System check identified no issues (0 silenced).
May 15, 2019 - 21:07:17
Django version 1.11.20, using settings 'scode.settings'
Starting development server at http://localhost:8000/
Quit the server with CONTROL-C.
Performing system checks...

Performing system checks...

Performing system checks...

Performing system checks...

Performing system checks...

System check identified no issues (0 silenced).
May 17, 2019 - 14:47:49
Django version 1.11.20, using settings 'scode.settings'
Starting development server at http://localhost:8000/
Quit the server with CONTROL-C.
Performing system checks...

Performing system checks...

System check identified no issues (0 silenced).
May 18, 2019 - 08:15:09
Django version 1.11.20, using settings 'scode.settings'
Starting development server at http://0:8000/
Quit the server with CONTROL-C.
Performing system checks...

System check identified no issues (0 silenced).
May 18, 2019 - 08:16:43
Django version 1.11.20, using settings 'scode.settings'
Starting development server at http://0:8000/
Quit the server with CONTROL-C.
Performing system checks...

System check identified no issues (0 silenced).
May 18, 2019 - 08:24:46
Django version 1.11.20, using settings 'scode.settings'
Starting development server at http://0:8000/
Quit the server with CONTROL-C.
Performing system checks...

System check identified no issues (0 silenced).
May 18, 2019 - 08:58:09
Django version 1.11.20, using settings 'scode.settings'
Starting development server at http://0:8000/
Quit the server with CONTROL-C.
Performing system checks...

Performing system checks...

Performing system checks...

Performing system checks...

System check identified no issues (0 silenced).
May 18, 2019 - 14:30:28
Django version 1.11.20, using settings 'scode.settings'
Starting development server at http://0:8000/
Quit the server with CONTROL-C.
Performing system checks...

System check identified no issues (0 silenced).
May 18, 2019 - 14:35:03
Django version 1.11.20, using settings 'scode.settings'
Starting development server at http://0:8000/
Quit the server with CONTROL-C.
Performing system checks...

System check identified no issues (0 silenced).
May 18, 2019 - 14:36:53
Django version 1.11.20, using settings 'scode.settings'
Starting development server at http://0:8000/
Quit the server with CONTROL-C.
Performing system checks...

System check identified no issues (0 silenced).
May 18, 2019 - 14:40:57
Django version 1.11.20, using settings 'scode.settings'
Starting development server at http://0:8000/
Quit the server with CONTROL-C.
Performing system checks...

Performing system checks...

Performing system checks...

System check identified no issues (0 silenced).
May 18, 2019 - 14:53:40
Django version 1.11.20, using settings 'scode.settings'
Starting development server at http://0:8000/
Quit the server with CONTROL-C.
Performing system checks...

System check identified no issues (0 silenced).
May 18, 2019 - 14:55:07
Django version 1.11.20, using settings 'scode.settings'
Starting development server at http://0:8000/
Quit the server with CONTROL-C.
Performing system checks...

System check identified no issues (0 silenced).
May 18, 2019 - 14:55:57
Django version 1.11.20, using settings 'scode.settings'
Starting development server at http://0:8000/
Quit the server with CONTROL-C.
Performing system checks...

System check identified no issues (0 silenced).
May 18, 2019 - 14:58:33
Django version 1.11.20, using settings 'scode.settings'
Starting development server at http://0:8000/
Quit the server with CONTROL-C.
Performing system checks...

System check identified no issues (0 silenced).
May 18, 2019 - 14:59:24
Django version 1.11.20, using settings 'scode.settings'
Starting development server at http://0:8000/
Quit the server with CONTROL-C.
Performing system checks...

System check identified no issues (0 silenced).
May 18, 2019 - 15:04:00
Django version 1.11.20, using settings 'scode.settings'
Starting development server at http://0:8000/
Quit the server with CONTROL-C.
Performing system checks...

Performing system checks...

Performing system checks...

Performing system checks...

Performing system checks...

Performing system checks...

Performing system checks...

Performing system checks...

System check identified no issues (0 silenced).
May 18, 2019 - 15:12:41
Django version 1.11.20, using settings 'scode.settings'
Starting development server at http://0:8000/
Quit the server with CONTROL-C.
asd
Performing system checks...

Performing system checks...

System check identified no issues (0 silenced).
May 18, 2019 - 16:18:57
Django version 1.11.20, using settings 'scode.settings'
Starting development server at http://0:8000/
Quit the server with CONTROL-C.
Performing system checks...

System check identified no issues (0 silenced).
May 18, 2019 - 16:28:19
Django version 1.11.20, using settings 'scode.settings'
Starting development server at http://0:8000/
Quit the server with CONTROL-C.
